<?xml version="1.0" encoding="UTF-8"?>
<testsuite xmlns:xsi="http://www.w3.org/2001/XMLSchema-instance" xsi:noNamespaceSchemaLocation="https://maven.apache.org/surefire/maven-surefire-plugin/xsd/surefire-test-report-3.0.xsd" version="3.0" name="com.project.test.BookServiceTest" time="0.06" tests="7" errors="0" skipped="0" failures="0">
  <properties>
    <property name="java.specification.version" value="17"/>
    <property name="sun.cpu.isalist" value="amd64"/>
    <property name="sun.jnu.encoding" value="Cp1252"/>
    <property name="java.class.path" value="F:\VS-Code\wwek9\target\test-classes;F:\VS-Code\wwek9\target\classes;C:\Users\Connect2Aryans\.m2\repository\org\junit\jupiter\junit-jupiter\5.9.2\junit-jupiter-5.9.2.jar;C:\Users\Connect2Aryans\.m2\repository\org\junit\jupiter\junit-jupiter-api\5.9.2\junit-jupiter-api-5.9.2.jar;C:\Users\Connect2Aryans\.m2\repository\org\opentest4j\opentest4j\1.2.0\opentest4j-1.2.0.jar;C:\Users\Connect2Aryans\.m2\repository\org\junit\platform\junit-platform-commons\1.9.2\junit-platform-commons-1.9.2.jar;C:\Users\Connect2Aryans\.m2\repository\org\apiguardian\apiguardian-api\1.1.2\apiguardian-api-1.1.2.jar;C:\Users\Connect2Aryans\.m2\repository\org\junit\jupiter\junit-jupiter-params\5.9.2\junit-jupiter-params-5.9.2.jar;C:\Users\Connect2Aryans\.m2\repository\org\junit\jupiter\junit-jupiter-engine\5.9.2\junit-jupiter-engine-5.9.2.jar;C:\Users\Connect2Aryans\.m2\repository\org\junit\platform\junit-platform-engine\1.9.2\junit-platform-engine-1.9.2.jar;C:\Users\Connect2Aryans\.m2\repository\org\mockito\mockito-core\5.3.1\mockito-core-5.3.1.jar;C:\Users\Connect2Aryans\.m2\repository\net\bytebuddy\byte-buddy\1.14.4\byte-buddy-1.14.4.jar;C:\Users\Connect2Aryans\.m2\repository\net\bytebuddy\byte-buddy-agent\1.14.4\byte-buddy-agent-1.14.4.jar;C:\Users\Connect2Aryans\.m2\repository\org\objenesis\objenesis\3.3\objenesis-3.3.jar;C:\Users\Connect2Aryans\.m2\repository\org\mockito\mockito-junit-jupiter\5.3.1\mockito-junit-jupiter-5.3.1.jar;"/>
    <property name="java.vm.vendor" value="Oracle Corporation"/>
    <property name="sun.arch.data.model" value="64"/>
    <property name="user.variant" value=""/>
    <property name="java.vendor.url" value="https://java.oracle.com/"/>
    <property name="user.timezone" value="Asia/Karachi"/>
    <property name="os.name" value="Windows 10"/>
    <property name="java.vm.specification.version" value="17"/>
    <property name="sun.java.launcher" value="SUN_STANDARD"/>
    <property name="user.country" value="US"/>
    <property name="sun.boot.library.path" value="C:\Program Files\Java\jdk-17\bin"/>
    <property name="sun.java.command" value="C:\Users\Connect2Aryans\AppData\Local\Temp\surefire15070867562459838719\surefirebooter-20250319182249517_3.jar C:\Users\Connect2Aryans\AppData\Local\Temp\surefire15070867562459838719 2025-03-19T18-22-48_702-jvmRun1 surefire-20250319182249517_1tmp surefire_0-20250319182249517_2tmp"/>
    <property name="jdk.debug" value="release"/>
    <property name="surefire.test.class.path" value="F:\VS-Code\wwek9\target\test-classes;F:\VS-Code\wwek9\target\classes;C:\Users\Connect2Aryans\.m2\repository\org\junit\jupiter\junit-jupiter\5.9.2\junit-jupiter-5.9.2.jar;C:\Users\Connect2Aryans\.m2\repository\org\junit\jupiter\junit-jupiter-api\5.9.2\junit-jupiter-api-5.9.2.jar;C:\Users\Connect2Aryans\.m2\repository\org\opentest4j\opentest4j\1.2.0\opentest4j-1.2.0.jar;C:\Users\Connect2Aryans\.m2\repository\org\junit\platform\junit-platform-commons\1.9.2\junit-platform-commons-1.9.2.jar;C:\Users\Connect2Aryans\.m2\repository\org\apiguardian\apiguardian-api\1.1.2\apiguardian-api-1.1.2.jar;C:\Users\Connect2Aryans\.m2\repository\org\junit\jupiter\junit-jupiter-params\5.9.2\junit-jupiter-params-5.9.2.jar;C:\Users\Connect2Aryans\.m2\repository\org\junit\jupiter\junit-jupiter-engine\5.9.2\junit-jupiter-engine-5.9.2.jar;C:\Users\Connect2Aryans\.m2\repository\org\junit\platform\junit-platform-engine\1.9.2\junit-platform-engine-1.9.2.jar;C:\Users\Connect2Aryans\.m2\repository\org\mockito\mockito-core\5.3.1\mockito-core-5.3.1.jar;C:\Users\Connect2Aryans\.m2\repository\net\bytebuddy\byte-buddy\1.14.4\byte-buddy-1.14.4.jar;C:\Users\Connect2Aryans\.m2\repository\net\bytebuddy\byte-buddy-agent\1.14.4\byte-buddy-agent-1.14.4.jar;C:\Users\Connect2Aryans\.m2\repository\org\objenesis\objenesis\3.3\objenesis-3.3.jar;C:\Users\Connect2Aryans\.m2\repository\org\mockito\mockito-junit-jupiter\5.3.1\mockito-junit-jupiter-5.3.1.jar;"/>
    <property name="sun.cpu.endian" value="little"/>
    <property name="user.home" value="C:\Users\Connect2Aryans"/>
    <property name="user.language" value="en"/>
    <property name="java.specification.vendor" value="Oracle Corporation"/>
    <property name="java.version.date" value="2024-07-16"/>
    <property name="java.home" value="C:\Program Files\Java\jdk-17"/>
    <property name="file.separator" value="\"/>
    <property name="basedir" value="F:\VS-Code\wwek9"/>
    <property name="java.vm.compressedOopsMode" value="Zero based"/>
    <property name="line.separator" value="&#10;"/>
    <property name="java.vm.specification.vendor" value="Oracle Corporation"/>
    <property name="java.specification.name" value="Java Platform API Specification"/>
    <property name="surefire.real.class.path" value="C:\Users\Connect2Aryans\AppData\Local\Temp\surefire15070867562459838719\surefirebooter-20250319182249517_3.jar"/>
    <property name="user.script" value=""/>
    <property name="sun.management.compiler" value="HotSpot 64-Bit Tiered Compilers"/>
    <property name="java.runtime.version" value="17.0.12+8-LTS-286"/>
    <property name="user.name" value="Connect2Aryans"/>
    <property name="path.separator" value=";"/>
    <property name="os.version" value="10.0"/>
    <property name="java.runtime.name" value="Java(TM) SE Runtime Environment"/>
    <property name="file.encoding" value="Cp1252"/>
    <property name="java.vm.name" value="Java HotSpot(TM) 64-Bit Server VM"/>
    <property name="localRepository" value="C:\Users\Connect2Aryans\.m2\repository"/>
    <property name="java.vendor.url.bug" value="https://bugreport.java.com/bugreport/"/>
    <property name="java.io.tmpdir" value="C:\Users\CONNEC~1\AppData\Local\Temp\"/>
    <property name="java.version" value="17.0.12"/>
    <property name="user.dir" value="F:\VS-Code\wwek9"/>
    <property name="os.arch" value="amd64"/>
    <property name="java.vm.specification.name" value="Java Virtual Machine Specification"/>
    <property name="sun.os.patch.level" value=""/>
    <property name="native.encoding" value="Cp1252"/>
    <property name="java.library.path" value="C:\Program Files\Java\jdk-17\bin;C:\Windows\Sun\Java\bin;C:\Windows\system32;C:\Windows;F:\Softwares\Ananconda\condabin;C:\Program Files\Common Files\Oracle\Java\javapath;C:\Windows\system32;C:\Windows;C:\Windows\System32\Wbem;C:\Windows\System32\WindowsPowerShell\v1.0\;C:\Windows\System32\OpenSSH\;C:\Program Files\GitHub CLI\;c:\Users\Connect2Aryans\AppData\Local\Programs\cursor\resources\app\bin;C:\Program Files\Git\cmd;C:\Program Files\PuTTY\;C:\Program Files\nodejs\;F:\Hamza\runtime\win64;F:\Hamza\bin;F:\Softwares\android\sdk\platform-tools;C:\Program Files\CMake\bin;C:\Program Files\Docker\Docker\resources\bin;C:\Users\Connect2Aryans\.local\bin;C:\Program Files\Common Files\Oracle\Java\javapath;C:\Windows\system32;C:\Windows;C:\Windows\System32\Wbem;C:\Windows\System32\WindowsPowerShell\v1.0\;C:\Windows\System32\OpenSSH\;C:\Program Files\GitHub CLI\;c:\Users\Connect2Aryans\AppData\Local\Programs\cursor\resources\app\bin;C:\Program Files\Git\cmd;C:\Program Files\PuTTY\;C:\Program Files\nodejs\;F:\Hamza\runtime\win64;F:\Hamza\bin;C:\Program Files\MySQL\MySQL Shell 8.0\bin\;C:\Users\Connect2Aryans\AppData\Local\Microsoft\WindowsApps;C:\Users\Connect2Aryans\AppData\Local\Packages\PythonSoftwareFoundation.Python.3.10_qbz5n2kfra8p0\LocalCache\local-packages\Python310\Scripts;C:\Program Files\Tesseract-OCR;C:\Program Files\GitHub CLI;F:\Softwares\Ananconda\Scripts;C:\Users\Connect2Aryans\.lmstudio\bin;F:\Softwares\flutter\bin;F:\Softwares\Ananconda\Library\bin;F:\Softwares\Ananconda;C:\Users\Connect2Aryans\AppData\Roaming\Python\Scripts\;C:\Users\Connect2Aryans\AppData\Local\Programs\Ollama;C:\Users\Connect2Aryans\AppData\Roaming\npm;C:\Users\Connect2Aryan;C:\Users\Connect2Aryans\AppData\Local\Google\Cloud SDK\google-cloud-sdk\bin;C:\Users\Connect2Aryans\AppData\Local\Programs\cursor\resources\app\bin;F:\Softwares\android\sdk\platform-tools;C:\Program Files\Apache\maven\bin;F:\Downloads\x86_64-8.1.0-release-posix-seh-rt_v6-rev0\mingw64\bin;F:\Softwares\Microsoft VS Code\bin;."/>
    <property name="java.vm.info" value="mixed mode, sharing"/>
    <property name="java.vendor" value="Oracle Corporation"/>
    <property name="java.vm.version" value="17.0.12+8-LTS-286"/>
    <property name="sun.io.unicode.encoding" value="UnicodeLittle"/>
    <property name="java.class.version" value="61.0"/>
  </properties>
  <testcase name="addBook_NullBook_ShouldNotAdd" classname="com.project.test.BookServiceTest" time="0.027"/>
  <testcase name="updateBookAvailability_ExistingBook_ShouldUpdateSuccessfully" classname="com.project.test.BookServiceTest" time="0.003"/>
  <testcase name="findBookByIsbn_ExistingBook_ShouldReturnBook" classname="com.project.test.BookServiceTest" time="0.002"/>
  <testcase name="findBookByIsbn_NonExistingBook_ShouldReturnEmpty" classname="com.project.test.BookServiceTest" time="0.001"/>
  <testcase name="addBook_ValidBook_ShouldAddSuccessfully" classname="com.project.test.BookServiceTest" time="0.001"/>
  <testcase name="removeBook_ExistingBook_ShouldRemoveSuccessfully" classname="com.project.test.BookServiceTest" time="0.001"/>
  <testcase name="updateBookAvailability_NonExistingBook_ShouldNotUpdate" classname="com.project.test.BookServiceTest" time="0.001"/>
</testsuite>